Wearable/build/intermediates/manifest_merge_blame_file/debug/manifest-merger-blame-debug-report.txt
1<?xml version="1.0" encoding="utf-8"?>
2<!--
3 Copyright (C) 2017 The Android Open Source Project
4
5     Licensed under the Apache License, Version 2.0 (the "License");
6     you may not use this file except in compliance with the License.
7     You may obtain a copy of the License at
8
9          http://www.apache.org/licenses/LICENSE-2.0
10
11     Unless required by applicable law or agreed to in writing, software
12     distributed under the License is distributed on an "AS IS" BASIS,
13     WITHOUT WARRANTIES OR CONDITIONS OF ANY KIND, either express or implied.
14     See the License for the specific language governing permissions and
15     limitations under the License.
16-->
17<manifest xmlns:android="http://schemas.android.com/apk/res/android"
18    package="com.example.android.wearable.watchface"
19    android:versionCode="1"
20    android:versionName="1.0" >
21
22    <uses-sdk
23        android:minSdkVersion="24"
23-->src\main\AndroidManifest.xml
24        android:targetSdkVersion="28" />
24-->src\main\AndroidManifest.xml
25
26    <uses-feature android:name="android.hardware.type.watch" />
26-->src\main\AndroidManifest.xml:20:5-63
26-->src\main\AndroidManifest.xml:20:19-61
27
28    <!-- Required to act as a custom watch face. -->
29    <uses-permission android:name="android.permission.WAKE_LOCK" />
29-->src\main\AndroidManifest.xml:23:5-67
29-->src\main\AndroidManifest.xml:23:22-65
30
31    <!-- Required for complications to receive complication data and open the provider chooser. -->
32    <uses-permission android:name="com.google.android.wearable.permission.RECEIVE_COMPLICATION_DATA" />
32-->src\main\AndroidManifest.xml:26:5-103
32-->src\main\AndroidManifest.xml:26:22-101
33
34    <application
34-->src\main\AndroidManifest.xml:28:5-261:19
35        android:allowBackup="true"
35-->src\main\AndroidManifest.xml:29:9-35
36        android:appComponentFactory="androidx.core.app.CoreComponentFactory"
36-->[androidx.core:core:1.3.1] AndroidManifest.xml:24:18-86
37        android:debuggable="true"
38        android:extractNativeLibs="false"
39        android:icon="@drawable/ic_launcher"
39-->src\main\AndroidManifest.xml:30:9-45
40        android:label="@string/app_name"
40-->src\main\AndroidManifest.xml:31:9-41
41        android:testOnly="true" >
42        <meta-data
42-->src\main\AndroidManifest.xml:32:9-34:35
43            android:name="com.google.android.wearable.standalone"
43-->src\main\AndroidManifest.xml:33:13-66
44            android:value="true" />
44-->src\main\AndroidManifest.xml:34:13-33
45        <meta-data
45-->src\main\AndroidManifest.xml:35:9-37:68
46            android:name="com.google.android.gms.version"
46-->src\main\AndroidManifest.xml:36:13-58
47            android:value="@integer/google_play_services_version" />
47-->src\main\AndroidManifest.xml:37:13-66
48
49        <uses-library
49-->src\main\AndroidManifest.xml:39:9-41:39
50            android:name="com.google.android.wearable"
50-->src\main\AndroidManifest.xml:40:13-55
51            android:required="false" />
51-->src\main\AndroidManifest.xml:41:13-37
52
53        <service
53-->src\main\AndroidManifest.xml:43:9-77:19
54            android:name="com.example.android.wearable.watchface.watchface.OpenGLWatchFaceService"
54-->src\main\AndroidManifest.xml:44:13-61
55            android:label="@string/opengl_name"
55-->src\main\AndroidManifest.xml:45:13-48
56            android:permission="android.permission.BIND_WALLPAPER" >
56-->src\main\AndroidManifest.xml:46:13-67
57
58            <!--
59            By default, Watchfaces on rectangular devices will be run in a emulation mode where they
60            are provided a square surface to draw the watchface (allows watchfaces built for
61            circular and square devices to work well).
62
63            For this watchface, we explicitly enable rectangular devices, so we get the complete
64            surface.
65            -->
66            <meta-data
66-->src\main\AndroidManifest.xml:56:13-58:41
67                android:name="android.service.wallpaper.square_mode"
67-->src\main\AndroidManifest.xml:57:17-69
68                android:value="false" />
68-->src\main\AndroidManifest.xml:58:17-38
69            <meta-data
69-->src\main\AndroidManifest.xml:60:13-62:53
70                android:name="android.service.wallpaper"
70-->src\main\AndroidManifest.xml:61:17-57
71                android:resource="@xml/watch_face" />
71-->src\main\AndroidManifest.xml:62:17-51
72            <meta-data
72-->src\main\AndroidManifest.xml:63:13-65:62
73                android:name="com.google.android.wearable.watchface.preview"
73-->src\main\AndroidManifest.xml:64:17-77
74                android:resource="@drawable/preview_opengl" />
74-->src\main\AndroidManifest.xml:65:17-60
75            <meta-data
75-->src\main\AndroidManifest.xml:66:13-68:71
76                android:name="com.google.android.wearable.watchface.preview_circular"
76-->src\main\AndroidManifest.xml:67:17-86
77                android:resource="@drawable/preview_opengl_circular" />
77-->src\main\AndroidManifest.xml:68:17-69
78            <meta-data
78-->src\main\AndroidManifest.xml:69:13-71:87
79                android:name="com.google.android.wearable.watchface.companionConfigurationAction"
79-->src\main\AndroidManifest.xml:70:17-98
80                android:value="com.example.android.wearable.watchface.CONFIG_OPENGL" />
80-->src\main\AndroidManifest.xml:71:17-85
81
82            <intent-filter>
82-->src\main\AndroidManifest.xml:73:13-76:29
83                <action android:name="android.service.wallpaper.WallpaperService" />
83-->src\main\AndroidManifest.xml:74:17-84
83-->src\main\AndroidManifest.xml:74:25-82
84
85                <category android:name="com.google.android.wearable.watchface.category.WATCH_FACE" />
85-->src\main\AndroidManifest.xml:75:17-101
85-->src\main\AndroidManifest.xml:75:27-99
86            </intent-filter>
87        </service>
88        <service
88-->src\main\AndroidManifest.xml:80:9-115:19
89            android:name="com.example.android.wearable.watchface.watchface.AnalogComplicationWatchFaceService"
89-->src\main\AndroidManifest.xml:81:13-73
90            android:enabled="true"
90-->src\main\AndroidManifest.xml:82:13-35
91            android:label="@string/analog_complication"
91-->src\main\AndroidManifest.xml:83:13-56
92            android:permission="android.permission.BIND_WALLPAPER" >
92-->src\main\AndroidManifest.xml:84:13-67
93
94            <!--
95            By default, Watchfaces on rectangular devices will be run in a emulation mode where they
96            are provided a square surface to draw the watchface (allows watchfaces built for
97            circular and square devices to work well).
98
99            For this watchface, we explicitly enable rectangular devices, so we get the complete
100            surface.
101            -->
102            <meta-data
102-->src\main\AndroidManifest.xml:56:13-58:41
103                android:name="android.service.wallpaper.square_mode"
103-->src\main\AndroidManifest.xml:57:17-69
104                android:value="false" />
104-->src\main\AndroidManifest.xml:58:17-38
105            <meta-data
105-->src\main\AndroidManifest.xml:60:13-62:53
106                android:name="android.service.wallpaper"
106-->src\main\AndroidManifest.xml:61:17-57
107                android:resource="@xml/watch_face" />
107-->src\main\AndroidManifest.xml:62:17-51
108            <meta-data
108-->src\main\AndroidManifest.xml:63:13-65:62
109                android:name="com.google.android.wearable.watchface.preview"
109-->src\main\AndroidManifest.xml:64:17-77
110                android:resource="@drawable/preview_analog_complication" />
110-->src\main\AndroidManifest.xml:65:17-60
111            <meta-data
111-->src\main\AndroidManifest.xml:66:13-68:71
112                android:name="com.google.android.wearable.watchface.preview_circular"
112-->src\main\AndroidManifest.xml:67:17-86
113                android:resource="@drawable/preview_analog_complication_circular" />
113-->src\main\AndroidManifest.xml:68:17-69
114            <meta-data
114-->src\main\AndroidManifest.xml:107:13-109:100
115                android:name="com.google.android.wearable.watchface.wearableConfigurationAction"
115-->src\main\AndroidManifest.xml:108:17-97
116                android:value="com.example.android.wearable.watchface.CONFIG_COMPLICATION_SIMPLE" />
116-->src\main\AndroidManifest.xml:109:17-98
117
118            <intent-filter>
118-->src\main\AndroidManifest.xml:73:13-76:29
119                <action android:name="android.service.wallpaper.WallpaperService" />
119-->src\main\AndroidManifest.xml:74:17-84
119-->src\main\AndroidManifest.xml:74:25-82
120
121                <category android:name="com.google.android.wearable.watchface.category.WATCH_FACE" />
121-->src\main\AndroidManifest.xml:75:17-101
121-->src\main\AndroidManifest.xml:75:27-99
122            </intent-filter>
123        </service>
124
125        <activity android:name="android.support.wearable.complications.ComplicationHelperActivity" />
125-->src\main\AndroidManifest.xml:117:9-101
125-->src\main\AndroidManifest.xml:117:19-99
126        <activity
126-->src\main\AndroidManifest.xml:118:9-127:20
127            android:name="com.example.android.wearable.watchface.config.AnalogComplicationConfigActivity"
127-->src\main\AndroidManifest.xml:119:13-68
128            android:label="@string/analog_complication_config" >
128-->src\main\AndroidManifest.xml:120:13-63
129            <intent-filter>
129-->src\main\AndroidManifest.xml:121:13-126:29
130                <action android:name="com.example.android.wearable.watchface.CONFIG_COMPLICATION_SIMPLE" />
130-->src\main\AndroidManifest.xml:122:17-107
130-->src\main\AndroidManifest.xml:122:25-105
131
132                <category android:name="com.google.android.wearable.watchface.category.WEARABLE_CONFIGURATION" />
132-->src\main\AndroidManifest.xml:124:17-113
132-->src\main\AndroidManifest.xml:124:27-111
133                <category android:name="android.intent.category.DEFAULT" />
133-->src\main\AndroidManifest.xml:125:17-75
133-->src\main\AndroidManifest.xml:125:27-73
134            </intent-filter>
135        </activity>
136
137        <service
137-->src\main\AndroidManifest.xml:129:9-160:19
138            android:name="com.example.android.wearable.watchface.watchface.InteractiveWatchFaceService"
138-->src\main\AndroidManifest.xml:130:13-66
139            android:label="@string/interactive_name"
139-->src\main\AndroidManifest.xml:131:13-53
140            android:permission="android.permission.BIND_WALLPAPER" >
140-->src\main\AndroidManifest.xml:132:13-67
141
142            <!--
143            By default, Watchfaces on rectangular devices will be run in a emulation mode where they
144            are provided a square surface to draw the watchface (allows watchfaces built for
145            circular and square devices to work well).
146
147            For this watchface, we explicitly enable rectangular devices, so we get the complete
148            surface.
149            -->
150            <meta-data
150-->src\main\AndroidManifest.xml:56:13-58:41
151                android:name="android.service.wallpaper.square_mode"
151-->src\main\AndroidManifest.xml:57:17-69
152                android:value="false" />
152-->src\main\AndroidManifest.xml:58:17-38
153            <meta-data
153-->src\main\AndroidManifest.xml:60:13-62:53
154                android:name="android.service.wallpaper"
154-->src\main\AndroidManifest.xml:61:17-57
155                android:resource="@xml/watch_face" />
155-->src\main\AndroidManifest.xml:62:17-51
156            <meta-data
156-->src\main\AndroidManifest.xml:63:13-65:62
157                android:name="com.google.android.wearable.watchface.preview"
157-->src\main\AndroidManifest.xml:64:17-77
158                android:resource="@drawable/preview_interactive" />
158-->src\main\AndroidManifest.xml:65:17-60
159            <meta-data
159-->src\main\AndroidManifest.xml:66:13-68:71
160                android:name="com.google.android.wearable.watchface.preview_circular"
160-->src\main\AndroidManifest.xml:67:17-86
161                android:resource="@drawable/preview_interactive_circular" />
161-->src\main\AndroidManifest.xml:68:17-69
162
163            <intent-filter>
163-->src\main\AndroidManifest.xml:73:13-76:29
164                <action android:name="android.service.wallpaper.WallpaperService" />
164-->src\main\AndroidManifest.xml:74:17-84
164-->src\main\AndroidManifest.xml:74:25-82
165
166                <category android:name="com.google.android.wearable.watchface.category.WATCH_FACE" />
166-->src\main\AndroidManifest.xml:75:17-101
166-->src\main\AndroidManifest.xml:75:27-99
167            </intent-filter>
168        </service>
169        <service
169-->src\main\AndroidManifest.xml:162:9-199:19
170            android:name="com.example.android.wearable.watchface.watchface.DigitalWatchFaceService"
170-->src\main\AndroidManifest.xml:163:13-62
171            android:label="@string/digital_name"
171-->src\main\AndroidManifest.xml:164:13-49
172            android:permission="android.permission.BIND_WALLPAPER" >
172-->src\main\AndroidManifest.xml:165:13-67
173
174            <!--
175            By default, Watchfaces on rectangular devices will be run in a emulation mode where they
176            are provided a square surface to draw the watchface (allows watchfaces built for
177            circular and square devices to work well).
178
179            For this watchface, we explicitly enable rectangular devices, so we get the complete
180            surface.
181            -->
182            <meta-data
182-->src\main\AndroidManifest.xml:56:13-58:41
183                android:name="android.service.wallpaper.square_mode"
183-->src\main\AndroidManifest.xml:57:17-69
184                android:value="false" />
184-->src\main\AndroidManifest.xml:58:17-38
185            <meta-data
185-->src\main\AndroidManifest.xml:60:13-62:53
186                android:name="android.service.wallpaper"
186-->src\main\AndroidManifest.xml:61:17-57
187                android:resource="@xml/watch_face" />
187-->src\main\AndroidManifest.xml:62:17-51
188            <meta-data
188-->src\main\AndroidManifest.xml:63:13-65:62
189                android:name="com.google.android.wearable.watchface.preview"
189-->src\main\AndroidManifest.xml:64:17-77
190                android:resource="@drawable/preview_digital" />
190-->src\main\AndroidManifest.xml:65:17-60
191            <meta-data
191-->src\main\AndroidManifest.xml:66:13-68:71
192                android:name="com.google.android.wearable.watchface.preview_circular"
192-->src\main\AndroidManifest.xml:67:17-86
193                android:resource="@drawable/preview_digital_circular" />
193-->src\main\AndroidManifest.xml:68:17-69
194            <meta-data
194-->src\main\AndroidManifest.xml:69:13-71:87
195                android:name="com.google.android.wearable.watchface.companionConfigurationAction"
195-->src\main\AndroidManifest.xml:70:17-98
196                android:value="com.example.android.wearable.watchface.CONFIG_DIGITAL" />
196-->src\main\AndroidManifest.xml:71:17-85
197            <meta-data
197-->src\main\AndroidManifest.xml:107:13-109:100
198                android:name="com.google.android.wearable.watchface.wearableConfigurationAction"
198-->src\main\AndroidManifest.xml:108:17-97
199                android:value="com.example.android.wearable.watchface.CONFIG_DIGITAL" />
199-->src\main\AndroidManifest.xml:109:17-98
200
201            <intent-filter>
201-->src\main\AndroidManifest.xml:73:13-76:29
202                <action android:name="android.service.wallpaper.WallpaperService" />
202-->src\main\AndroidManifest.xml:74:17-84
202-->src\main\AndroidManifest.xml:74:25-82
203
204                <category android:name="com.google.android.wearable.watchface.category.WATCH_FACE" />
204-->src\main\AndroidManifest.xml:75:17-101
204-->src\main\AndroidManifest.xml:75:27-99
205            </intent-filter>
206        </service>
207
208        <!--
209             All intent-filters for config actions must include the categories
210            com.google.android.wearable.watchface.category.WEARABLE_CONFIGURATION
211            and android.intent.category.DEFAULT.
212        -->
213
214        <activity
214-->src\main\AndroidManifest.xml:207:9-215:20
215            android:name="com.example.android.wearable.watchface.config.DigitalWatchFaceWearableConfigActivity"
215-->src\main\AndroidManifest.xml:208:13-74
216            android:label="@string/digital_config_name" >
216-->src\main\AndroidManifest.xml:209:13-56
217            <intent-filter>
217-->src\main\AndroidManifest.xml:210:13-214:29
218                <action android:name="com.example.android.wearable.watchface.CONFIG_DIGITAL" />
218-->src\main\AndroidManifest.xml:211:17-95
218-->src\main\AndroidManifest.xml:211:25-93
219
220                <category android:name="com.google.android.wearable.watchface.category.WEARABLE_CONFIGURATION" />
220-->src\main\AndroidManifest.xml:124:17-113
220-->src\main\AndroidManifest.xml:124:27-111
221                <category android:name="android.intent.category.DEFAULT" />
221-->src\main\AndroidManifest.xml:125:17-75
221-->src\main\AndroidManifest.xml:125:27-73
222            </intent-filter>
223        </activity>
224
225        <service android:name="com.example.android.wearable.watchface.config.DigitalWatchFaceConfigListenerService" >
225-->src\main\AndroidManifest.xml:217:9-226:19
225-->src\main\AndroidManifest.xml:217:18-78
226            <intent-filter>
226-->src\main\AndroidManifest.xml:218:13-225:29
227                <action android:name="com.google.android.gms.wearable.MESSAGE_RECEIVED" />
227-->src\main\AndroidManifest.xml:219:17-90
227-->src\main\AndroidManifest.xml:219:25-88
228
229                <data
229-->src\main\AndroidManifest.xml:221:17-224:44
230                    android:host="*"
230-->src\main\AndroidManifest.xml:222:21-37
231                    android:pathPrefix="/"
231-->src\main\AndroidManifest.xml:223:21-43
232                    android:scheme="wear" />
232-->src\main\AndroidManifest.xml:224:21-42
233            </intent-filter>
234        </service>
235        <service
235-->src\main\AndroidManifest.xml:228:9-257:19
236            android:name="com.example.android.wearable.watchface.provider.IncrementingNumberComplicationProviderService"
236-->src\main\AndroidManifest.xml:229:13-83
237            android:icon="@drawable/icn_complications"
237-->src\main\AndroidManifest.xml:230:13-55
238            android:label="@string/complications_provider_incrementing_number"
238-->src\main\AndroidManifest.xml:231:13-79
239            android:permission="com.google.android.wearable.permission.BIND_COMPLICATION_PROVIDER" >
239-->src\main\AndroidManifest.xml:232:13-99
240            <intent-filter>
240-->src\main\AndroidManifest.xml:233:13-235:29
241                <action android:name="android.support.wearable.complications.ACTION_COMPLICATION_UPDATE_REQUEST" />
241-->src\main\AndroidManifest.xml:234:17-115
241-->src\main\AndroidManifest.xml:234:25-113
242            </intent-filter>
243
244            <meta-data
244-->src\main\AndroidManifest.xml:237:13-239:68
245                android:name="android.support.wearable.complications.SUPPORTED_TYPES"
245-->src\main\AndroidManifest.xml:238:17-86
246                android:value="RANGED_VALUE,SHORT_TEXT,LONG_TEXT" />
246-->src\main\AndroidManifest.xml:239:17-66
247            <!--
248            When your complication data provider is active, UPDATE_PERIOD_SECONDS specifies how
249            often you want the system to check for updates to the data.
250
251            In general, you want to manually trigger updates only when your complication data
252            actually changes via ProviderUpdateRequester (check UpdateComplicationDataService.java
253            for an example).
254
255            If you do decide to use UPDATE_PERIOD_SECONDS, set the interval in the order of minutes.
256            A good value might be 600 seconds (10 minutes) if you need updates pulled often.
257
258            Also, remember that this is only a guidance for the system. Wear may update less
259            frequently.
260            -->
261            <meta-data
261-->src\main\AndroidManifest.xml:254:13-256:36
262                android:name="android.support.wearable.complications.UPDATE_PERIOD_SECONDS"
262-->src\main\AndroidManifest.xml:255:17-92
263                android:value="0" />
263-->src\main\AndroidManifest.xml:256:17-34
264        </service>
265
266        <receiver android:name="com.example.android.wearable.watchface.provider.ComplicationToggleReceiver" />
266-->src\main\AndroidManifest.xml:258:9-72
266-->src\main\AndroidManifest.xml:258:19-70
267
268        <activity android:name="com.example.android.wearable.watchface.config.ColorSelectionActivity" />
268-->src\main\AndroidManifest.xml:260:9-66
268-->src\main\AndroidManifest.xml:260:19-64
269        <activity
269-->[com.google.android.gms:play-services-base:17.0.0] AndroidManifest.xml:23:9-26:75
270            android:name="com.google.android.gms.common.api.GoogleApiActivity"
270-->[com.google.android.gms:play-services-base:17.0.0] AndroidManifest.xml:24:13-79
271            android:exported="false"
271-->[com.google.android.gms:play-services-base:17.0.0] AndroidManifest.xml:25:13-37
272            android:theme="@android:style/Theme.Translucent.NoTitleBar" />
272-->[com.google.android.gms:play-services-base:17.0.0] AndroidManifest.xml:26:13-72
273    </application>
274
275</manifest>